Project Information                               e:\relogio\relogioponto2.rpt

MAX+plus II Compiler Report File
Version 10.2 07/10/2002
Compiled: 05/21/2010 11:10:16

Copyright (C) 1988-2002 Altera Corporation
Any megafunction design, and related net list (encrypted or decrypted),
support information, device programming or simulation file, and any other
associated documentation or information provided by Altera or a partner
under Altera's Megafunction Partnership Program may be used only to
program PLD devices (but not masked PLD devices) from Altera.  Any other
use of such megafunction design, net list, support information, device
programming or simulation file, or any other related documentation or
information is prohibited for any other purpose, including, but not
limited to modification, reverse engineering, de-compiling, or use with
any other silicon devices, unless such use is explicitly licensed under
a separate agreement with Altera or a megafunction partner.  Title to
the intellectual property, including patents, copyrights, trademarks,
trade secrets, or maskworks, embodied in any such megafunction design,
net list, support information, device programming or simulation file, or
any other related documentation or information provided by Altera or a
megafunction partner, remains with Altera, the megafunction partner, or
their respective licensors.  No other licenses, including any licenses
needed under any third party's intellectual property, are provided herein.



***** Project compilation was successful




** DEVICE SUMMARY **

Chip/                     Input   Output   Bidir         Shareable
POF       Device          Pins    Pins     Pins     LCs  Expanders  % Utilized

relogioponto2
      EPM7032LC44-6        20       1        0      1       0           3  %

User Pins:                 20       1        0  



Device-Specific Information:                      e:\relogio\relogioponto2.rpt
relogioponto2

***** Logic for device 'relogioponto2' compiled without errors.




Device: EPM7032LC44-6

Device Options:
    Turbo Bit                                    = ON
    Security Bit                                 = OFF

                                               
                                               
                                               
                                               
                                               
                    D  V  G  G  G  G  G  D  D  
              S  S  H  C  N  N  N  N  N  S  S  
              2  3  1  C  D  D  D  D  D  2  3  
            -----------------------------------_ 
          /   6  5  4  3  2  1 44 43 42 41 40   | 
      S1 |  7                                39 | PONTO2 
      M4 |  8                                38 | RESERVED 
      M3 |  9                                37 | H1 
     GND | 10                                36 | S4 
      M2 | 11                                35 | VCC 
      M1 | 12         EPM7032LC44-6          34 | RESERVED 
      H4 | 13                                33 | RESERVED 
      H3 | 14                                32 | RESERVED 
     VCC | 15                                31 | RESERVED 
      H2 | 16                                30 | GND 
     DH2 | 17                                29 | RESERVED 
         |_  18 19 20 21 22 23 24 25 26 27 28  _| 
           ------------------------------------ 
              D  D  D  D  G  V  R  R  R  R  R  
              M  M  M  S  N  C  E  E  E  E  E  
              1  2  3  1  D  C  S  S  S  S  S  
                                E  E  E  E  E  
                                R  R  R  R  R  
                                V  V  V  V  V  
                                E  E  E  E  E  
                                D  D  D  D  D  


N.C. = No Connect. This pin has no internal connection to the device.
VCC = Dedicated power pin, which MUST be connected to VCC.
GND = Dedicated ground pin or unused dedicated input, which MUST be connected to GND.
RESERVED = Unused I/O pin, which MUST be left unconnected.



Device-Specific Information:                      e:\relogio\relogioponto2.rpt
relogioponto2

** RESOURCE USAGE **

                                                Shareable     External
Logic Array Block     Logic Cells   I/O Pins    Expanders   Interconnect

A:     LC1 - LC16     0/16(  0%)  16/16(100%)   0/16(  0%)   0/36(  0%) 
B:    LC17 - LC32     1/16(  6%)   5/16( 31%)   0/16(  0%)  20/36( 55%) 


Total dedicated input pins used:                 0/4      (  0%)
Total I/O pins used:                            21/32     ( 65%)
Total logic cells used:                          1/32     (  3%)
Total shareable expanders used:                  0/32     (  0%)
Total Turbo logic cells used:                    1/32     (  3%)
Total shareable expanders not available (n/a):   0/32     (  0%)
Average fan-in:                                  20.00
Total fan-in:                                    20

Total input pins required:                      20
Total output pins required:                      1
Total bidirectional pins required:               0
Total logic cells required:                      1
Total flipflops required:                        0
Total product terms required:                    1
Total logic cells lending parallel expanders:    0
Total shareable expanders in database:           0

Synthesized logic cells:                         0/  32   (  0%)



Device-Specific Information:                      e:\relogio\relogioponto2.rpt
relogioponto2

** INPUTS **

                                         Shareable
                                         Expanders     Fan-In    Fan-Out
 Pin     LC  LAB  Primitive    Code   Total Shared n/a INP  FBK  OUT  FBK  Name
   4    (1)  (A)      INPUT               0      0   0    0    0    1    0  DH1
  17   (12)  (A)      INPUT               0      0   0    0    0    1    0  DH2
  18   (13)  (A)      INPUT               0      0   0    0    0    1    0  DM1
  19   (14)  (A)      INPUT               0      0   0    0    0    1    0  DM2
  20   (15)  (A)      INPUT               0      0   0    0    0    1    0  DM3
  21   (16)  (A)      INPUT               0      0   0    0    0    1    0  DS1
  41   (17)  (B)      INPUT               0      0   0    0    0    1    0  DS2
  40   (18)  (B)      INPUT               0      0   0    0    0    1    0  DS3
  37   (21)  (B)      INPUT               0      0   0    0    0    1    0  H1
  16   (11)  (A)      INPUT               0      0   0    0    0    1    0  H2
  14   (10)  (A)      INPUT               0      0   0    0    0    1    0  H3
  13    (9)  (A)      INPUT               0      0   0    0    0    1    0  H4
  12    (8)  (A)      INPUT               0      0   0    0    0    1    0  M1
  11    (7)  (A)      INPUT               0      0   0    0    0    1    0  M2
   9    (6)  (A)      INPUT               0      0   0    0    0    1    0  M3
   8    (5)  (A)      INPUT               0      0   0    0    0    1    0  M4
   7    (4)  (A)      INPUT               0      0   0    0    0    1    0  S1
   6    (3)  (A)      INPUT               0      0   0    0    0    1    0  S2
   5    (2)  (A)      INPUT               0      0   0    0    0    1    0  S3
  36   (22)  (B)      INPUT               0      0   0    0    0    1    0  S4


Code:

s = Synthesized pin or logic cell
t = Turbo logic cell
+ = Synchronous flipflop
! = NOT gate push-back
r = Fitter-inserted logic cell


Device-Specific Information:                      e:\relogio\relogioponto2.rpt
relogioponto2

** OUTPUTS **

                                         Shareable
                                         Expanders     Fan-In    Fan-Out
 Pin     LC  LAB  Primitive    Code   Total Shared n/a INP  FBK  OUT  FBK  Name
  39     19    B     OUTPUT      t        0      0   0   20    0    0    0  PONTO2


Code:

s = Synthesized pin or logic cell
t = Turbo logic cell
+ = Synchronous flipflop
! = NOT gate push-back
r = Fitter-inserted logic cell


Device-Specific Information:                      e:\relogio\relogioponto2.rpt
relogioponto2

** LOGIC CELL INTERCONNECTIONS **

Logic Array Block 'B':

           Logic cells placed in LAB 'B'
        +- LC19 PONTO2
        | 
        |   Other LABs fed by signals
        |   that feed LAB 'B'
LC      | | A B |     Logic cells that feed LAB 'B':

Pin
4    -> * | - * | <-- DH1
17   -> * | - * | <-- DH2
18   -> * | - * | <-- DM1
19   -> * | - * | <-- DM2
20   -> * | - * | <-- DM3
21   -> * | - * | <-- DS1
41   -> * | - * | <-- DS2
40   -> * | - * | <-- DS3
37   -> * | - * | <-- H1
16   -> * | - * | <-- H2
14   -> * | - * | <-- H3
13   -> * | - * | <-- H4
12   -> * | - * | <-- M1
11   -> * | - * | <-- M2
9    -> * | - * | <-- M3
8    -> * | - * | <-- M4
7    -> * | - * | <-- S1
6    -> * | - * | <-- S2
5    -> * | - * | <-- S3
36   -> * | - * | <-- S4


* = The logic cell or pin is an input to the logic cell (or LAB) through the PIA.
- = The logic cell or pin is not an input to the logic cell (or LAB).


Device-Specific Information:                      e:\relogio\relogioponto2.rpt
relogioponto2

** EQUATIONS **

DH1      : INPUT;
DH2      : INPUT;
DM1      : INPUT;
DM2      : INPUT;
DM3      : INPUT;
DS1      : INPUT;
DS2      : INPUT;
DS3      : INPUT;
H1       : INPUT;
H2       : INPUT;
H3       : INPUT;
H4       : INPUT;
M1       : INPUT;
M2       : INPUT;
M3       : INPUT;
M4       : INPUT;
S1       : INPUT;
S2       : INPUT;
S3       : INPUT;
S4       : INPUT;

-- Node name is 'PONTO2' 
-- Equation name is 'PONTO2', location is LC019, type is output.
 PONTO2  = LCELL( _EQ001 $  GND);
  _EQ001 =  DH1 & !DH2 &  DM1 & !DM2 & !DM3 &  DS1 & !DS2 & !DS3 &  H1 &  H2 & 
             !H3 & !H4 & !M1 &  M2 & !M3 & !M4 & !S1 &  S2 &  S3 & !S4;



--     Shareable expanders that are duplicated in multiple LABs:
--     (none)




Project Information                               e:\relogio\relogioponto2.rpt

** COMPILATION SETTINGS & TIMES **

Processing Menu Commands
------------------------

Design Doctor                             = off

Logic Synthesis:

   Synthesis Type Used                    = Standard

   Default Synthesis Style                = NORMAL

      Logic option settings in 'NORMAL' style for 'MAX7000' family

      DECOMPOSE_GATES                     = on
      DUPLICATE_LOGIC_EXTRACTION          = on
      MINIMIZATION                        = full
      MULTI_LEVEL_FACTORING               = on
      NOT_GATE_PUSH_BACK                  = on
      PARALLEL_EXPANDERS                  = off
      REDUCE_LOGIC                        = on
      REFACTORIZATION                     = on
      REGISTER_OPTIMIZATION               = on
      RESYNTHESIZE_NETWORK                = on
      SLOW_SLEW_RATE                      = off
      SOFT_BUFFER_INSERTION               = on
      SUBFACTOR_EXTRACTION                = on
      TURBO_BIT                           = on
      XOR_SYNTHESIS                       = on
      IGNORE_SOFT_BUFFERS                 = off
      USE_LPM_FOR_AHDL_OPERATORS          = off

   Other logic synthesis settings:

      Automatic Global Clock              = on
      Automatic Global Clear              = on
      Automatic Global Preset             = on
      Automatic Global Output Enable      = on
      Automatic Fast I/O                  = off
      Automatic Register Packing          = off
      Automatic Open-Drain Pins           = on
      Automatic Implement in EAB          = off
      One-Hot State Machine Encoding      = off
      Optimize                            = 5

Default Timing Specifications: None

Cut All Bidir Feedback Timing Paths       = on
Cut All Clear & Preset Timing Paths       = on

Ignore Timing Assignments                 = on

Functional SNF Extractor                  = off

Linked SNF Extractor                      = off
Timing SNF Extractor                      = on
Optimize Timing SNF                       = off
Generate AHDL TDO File                    = off
Fitter Settings                           = NORMAL
Smart Recompile                           = off
Total Recompile                           = off

Interfaces Menu Commands
------------------------

EDIF Netlist Writer                       = off
Verilog Netlist Writer                    = off
VHDL Netlist Writer                       = off

Compilation Times
-----------------

   Compiler Netlist Extractor             00:00:00
   Database Builder                       00:00:00
   Logic Synthesizer                      00:00:00
   Partitioner                            00:00:01
   Fitter                                 00:00:01
   Timing SNF Extractor                   00:00:00
   Assembler                              00:00:00
   --------------------------             --------
   Total Time                             00:00:02


Memory Allocated
-----------------

Peak memory allocated during compilation  = 5,029K
